This file contains any messages produced by compilers while
running configure, to aid debugging if configure makes a mistake.

It was created by configure, which was
generated by GNU Autoconf 2.59.  Invocation command line was

  $ ./configure 

## --------- ##
## Platform. ##
## --------- ##

hostname = DESKTOP-1O76FUR
uname -m = x86_64
uname -r = 5.10.16.3-microsoft-standard-WSL2
uname -s = Linux
uname -v = #1 SMP Fri Apr 2 22:23:49 UTC 2021

/usr/bin/uname -p = x86_64
/bin/uname -X     = unknown

/bin/arch              = x86_64
/usr/bin/arch -k       = unknown
/usr/convex/getsysinfo = unknown
hostinfo               = unknown
/bin/machine           = unknown
/usr/bin/oslevel       = unknown
/bin/universe          = unknown

PATH: /home/dali0125/.local/bin
PATH: /home/dali0125/.local/bin
PATH: /usr/local/sbin
PATH: /usr/local/bin
PATH: /usr/sbin
PATH: /usr/bin
PATH: /sbin
PATH: /bin
PATH: /usr/games
PATH: /usr/local/games
PATH: /usr/lib/wsl/lib
PATH: /mnt/c/Program Files/WindowsApps/CanonicalGroupLimited.UbuntuonWindows_2004.2022.1.0_x64__79rhkp1fndgsc
PATH: /mnt/c/Program Files (x86)/Razer Chroma SDK/bin
PATH: /mnt/c/Program Files/Razer Chroma SDK/bin
PATH: /mnt/c/Program Files/NVIDIA GPU Computing Toolkit/CUDA/v11.6/bin
PATH: /mnt/c/Program Files/NVIDIA GPU Computing Toolkit/CUDA/v11.6/libnvvp
PATH: /mnt/c/Program Files (x86)/Razer/ChromaBroadcast/bin
PATH: /mnt/c/Program Files/Razer/ChromaBroadcast/bin
PATH: /mnt/c/WINDOWS/system32
PATH: /mnt/c/WINDOWS
PATH: /mnt/c/WINDOWS/System32/Wbem
PATH: /mnt/c/WINDOWS/System32/WindowsPowerShell/v1.0/
PATH: /mnt/c/WINDOWS/System32/OpenSSH/
PATH: /mnt/c/Program Files/NVIDIA Corporation/NVIDIA NvDLISR
PATH: /mnt/c/Program Files (x86)/NVIDIA Corporation/PhysX/Common
PATH: /mnt/c/Program Files/MATLAB/R2021b/bin
PATH: /mnt/c/WINDOWS/system32/config/systemprofile/AppData/Local/Microsoft/WindowsApps
PATH: /mnt/c/Program Files/Git/cmd
PATH: /mnt/c/ProgramData/chocolatey/bin
PATH: /mnt/c/Users/laser/AppData/Local/Programs/Python/Python310/Scripts/
PATH: /mnt/c/Program Files/NVIDIA Corporation/Nsight Compute 2022.1.0/
PATH: /mnt/c/Users/laser/DEV/zlib123dllx64/dll_x64
PATH: /mnt/c/Program Files/NVIDIA GPU Computing Toolkit/CUDA/v11.6/extras/CUPTI/lib64
PATH: /mnt/c/Program Files/NVIDIA GPU Computing Toolkit/CUDA/v11.6/include
PATH: /mnt/c/Program Files/NVIDIA/CUDNN/v8.3/bin
PATH: /mnt/c/Users/laser/AppData/Local/Programs/Python/Python310/Scripts/
PATH: /mnt/c/Users/laser/AppData/Local/Programs/Python/Python310/
PATH: /mnt/c/Users/laser/AppData/Local/Microsoft/WindowsApps
PATH: /mnt/c/Users/laser/AppData/Local/Programs/Microsoft VS Code/bin
PATH: /mnt/c/msys64/mingw64/bin
PATH: /mnt/c/Users/laser/AppData/Local/Packages/PythonSoftwareFoundation.Python.3.9_qbz5n2kfra8p0/LocalCache/local-packages/Python39/Scripts
PATH: /snap/bin


## ----------- ##
## Core tests. ##
## ----------- ##

configure:1347: checking build system type
configure:1365: result: x86_64-unknown-linux-gnu
configure:1373: checking host system type
configure:1387: result: x86_64-unknown-linux-gnu
configure:1485: checking for gcc
configure:1501: found /usr/bin/gcc
configure:1511: result: gcc
configure:1755: checking for C compiler version
configure:1758: gcc --version </dev/null >&5
gcc (Ubuntu 9.4.0-1ubuntu1~20.04.1) 9.4.0
Copyright (C) 2019 Free Software Foundation, Inc.
This is free software; see the source for copying conditions.  There is NO
warranty; not even for MERCHANTABILITY or FITNESS FOR A PARTICULAR PURPOSE.

configure:1761: $? = 0
configure:1763: gcc -v </dev/null >&5
Using built-in specs.
COLLECT_GCC=gcc
COLLECT_LTO_WRAPPER=/usr/lib/gcc/x86_64-linux-gnu/9/lto-wrapper
OFFLOAD_TARGET_NAMES=nvptx-none:hsa
OFFLOAD_TARGET_DEFAULT=1
Target: x86_64-linux-gnu
Configured with: ../src/configure -v --with-pkgversion='Ubuntu 9.4.0-1ubuntu1~20.04.1' --with-bugurl=file:///usr/share/doc/gcc-9/README.Bugs --enable-languages=c,ada,c++,go,brig,d,fortran,objc,obj-c++,gm2 --prefix=/usr --with-gcc-major-version-only --program-suffix=-9 --program-prefix=x86_64-linux-gnu- --enable-shared --enable-linker-build-id --libexecdir=/usr/lib --without-included-gettext --enable-threads=posix --libdir=/usr/lib --enable-nls --enable-clocale=gnu --enable-libstdcxx-debug --enable-libstdcxx-time=yes --with-default-libstdcxx-abi=new --enable-gnu-unique-object --disable-vtable-verify --enable-plugin --enable-default-pie --with-system-zlib --with-target-system-zlib=auto --enable-objc-gc=auto --enable-multiarch --disable-werror --with-arch-32=i686 --with-abi=m64 --with-multilib-list=m32,m64,mx32 --enable-multilib --with-tune=generic --enable-offload-targets=nvptx-none=/build/gcc-9-Av3uEd/gcc-9-9.4.0/debian/tmp-nvptx/usr,hsa --without-cuda-driver --enable-checking=release --build=x86_64-linux-gnu --host=x86_64-linux-gnu --target=x86_64-linux-gnu
Thread model: posix
gcc version 9.4.0 (Ubuntu 9.4.0-1ubuntu1~20.04.1) 
configure:1766: $? = 0
configure:1768: gcc -V </dev/null >&5
gcc: error: unrecognized command line option '-V'
gcc: fatal error: no input files
compilation terminated.
configure:1771: $? = 1
configure:1794: checking for C compiler default output file name
configure:1797: gcc    conftest.c  >&5
configure:1800: $? = 0
configure:1846: result: a.out
configure:1851: checking whether the C compiler works
configure:1857: ./a.out
configure:1860: $? = 0
configure:1877: result: yes
configure:1884: checking whether we are cross compiling
configure:1886: result: no
configure:1889: checking for suffix of executables
configure:1891: gcc -o conftest    conftest.c  >&5
configure:1894: $? = 0
configure:1919: result: 
configure:1925: checking for suffix of object files
configure:1946: gcc -c   conftest.c >&5
configure:1949: $? = 0
configure:1971: result: o
configure:1975: checking whether we are using the GNU C compiler
configure:1999: gcc -c   conftest.c >&5
configure:2005: $? = 0
configure:2008: test -z 			 || test ! -s conftest.err
configure:2011: $? = 0
configure:2014: test -s conftest.o
configure:2017: $? = 0
configure:2030: result: yes
configure:2036: checking whether gcc accepts -g
configure:2057: gcc -c -g  conftest.c >&5
configure:2063: $? = 0
configure:2066: test -z 			 || test ! -s conftest.err
configure:2069: $? = 0
configure:2072: test -s conftest.o
configure:2075: $? = 0
configure:2086: result: yes
configure:2103: checking for gcc option to accept ANSI C
configure:2173: gcc  -c -g -O2  conftest.c >&5
configure:2179: $? = 0
configure:2182: test -z 			 || test ! -s conftest.err
configure:2185: $? = 0
configure:2188: test -s conftest.o
configure:2191: $? = 0
configure:2209: result: none needed
configure:2227: gcc -c -g -O2  conftest.c >&5
conftest.c:2:3: error: unknown type name 'choke'
    2 |   choke me
      |   ^~~~~
conftest.c:2:3: error: expected '=', ',', ';', 'asm' or '__attribute__' at end of input
configure:2233: $? = 1
configure: failed program was:
| #ifndef __cplusplus
|   choke me
| #endif
configure:2368: checking how to run the C preprocessor
configure:2403: gcc -E  conftest.c
configure:2409: $? = 0
configure:2441: gcc -E  conftest.c
conftest.c:10:10: fatal error: ac_nonexistent.h: No such file or directory
   10 | #include <ac_nonexistent.h>
      |          ^~~~~~~~~~~~~~~~~~
compilation terminated.
configure:2447: $? = 1
configure: failed program was:
| /* confdefs.h.  */
| 
| #define PACKAGE_NAME ""
| #define PACKAGE_TARNAME ""
| #define PACKAGE_VERSION ""
| #define PACKAGE_STRING ""
| #define PACKAGE_BUGREPORT ""
| #define LINUX 1
| /* end confdefs.h.  */
| #include <ac_nonexistent.h>
configure:2486: result: gcc -E
configure:2510: gcc -E  conftest.c
configure:2516: $? = 0
configure:2548: gcc -E  conftest.c
conftest.c:10:10: fatal error: ac_nonexistent.h: No such file or directory
   10 | #include <ac_nonexistent.h>
      |          ^~~~~~~~~~~~~~~~~~
compilation terminated.
configure:2554: $? = 1
configure: failed program was:
| /* confdefs.h.  */
| 
| #define PACKAGE_NAME ""
| #define PACKAGE_TARNAME ""
| #define PACKAGE_VERSION ""
| #define PACKAGE_STRING ""
| #define PACKAGE_BUGREPORT ""
| #define LINUX 1
| /* end confdefs.h.  */
| #include <ac_nonexistent.h>
configure:2649: checking for g++
configure:2665: found /usr/bin/g++
configure:2675: result: g++
configure:2691: checking for C++ compiler version
configure:2694: g++ --version </dev/null >&5
g++ (Ubuntu 9.4.0-1ubuntu1~20.04.1) 9.4.0
Copyright (C) 2019 Free Software Foundation, Inc.
This is free software; see the source for copying conditions.  There is NO
warranty; not even for MERCHANTABILITY or FITNESS FOR A PARTICULAR PURPOSE.

configure:2697: $? = 0
configure:2699: g++ -v </dev/null >&5
Using built-in specs.
COLLECT_GCC=g++
COLLECT_LTO_WRAPPER=/usr/lib/gcc/x86_64-linux-gnu/9/lto-wrapper
OFFLOAD_TARGET_NAMES=nvptx-none:hsa
OFFLOAD_TARGET_DEFAULT=1
Target: x86_64-linux-gnu
Configured with: ../src/configure -v --with-pkgversion='Ubuntu 9.4.0-1ubuntu1~20.04.1' --with-bugurl=file:///usr/share/doc/gcc-9/README.Bugs --enable-languages=c,ada,c++,go,brig,d,fortran,objc,obj-c++,gm2 --prefix=/usr --with-gcc-major-version-only --program-suffix=-9 --program-prefix=x86_64-linux-gnu- --enable-shared --enable-linker-build-id --libexecdir=/usr/lib --without-included-gettext --enable-threads=posix --libdir=/usr/lib --enable-nls --enable-clocale=gnu --enable-libstdcxx-debug --enable-libstdcxx-time=yes --with-default-libstdcxx-abi=new --enable-gnu-unique-object --disable-vtable-verify --enable-plugin --enable-default-pie --with-system-zlib --with-target-system-zlib=auto --enable-objc-gc=auto --enable-multiarch --disable-werror --with-arch-32=i686 --with-abi=m64 --with-multilib-list=m32,m64,mx32 --enable-multilib --with-tune=generic --enable-offload-targets=nvptx-none=/build/gcc-9-Av3uEd/gcc-9-9.4.0/debian/tmp-nvptx/usr,hsa --without-cuda-driver --enable-checking=release --build=x86_64-linux-gnu --host=x86_64-linux-gnu --target=x86_64-linux-gnu
Thread model: posix
gcc version 9.4.0 (Ubuntu 9.4.0-1ubuntu1~20.04.1) 
configure:2702: $? = 0
configure:2704: g++ -V </dev/null >&5
g++: error: unrecognized command line option '-V'
g++: fatal error: no input files
compilation terminated.
configure:2707: $? = 1
configure:2710: checking whether we are using the GNU C++ compiler
configure:2734: g++ -c   conftest.cc >&5
configure:2740: $? = 0
configure:2743: test -z 			 || test ! -s conftest.err
configure:2746: $? = 0
configure:2749: test -s conftest.o
configure:2752: $? = 0
configure:2765: result: yes
configure:2771: checking whether g++ accepts -g
configure:2792: g++ -c -g  conftest.cc >&5
configure:2798: $? = 0
configure:2801: test -z 			 || test ! -s conftest.err
configure:2804: $? = 0
configure:2807: test -s conftest.o
configure:2810: $? = 0
configure:2821: result: yes
configure:2863: g++ -c -g -O2  conftest.cc >&5
configure:2869: $? = 0
configure:2872: test -z 			 || test ! -s conftest.err
configure:2875: $? = 0
configure:2878: test -s conftest.o
configure:2881: $? = 0
configure:2907: g++ -c -g -O2  conftest.cc >&5
conftest.cc: In function 'int main()':
conftest.cc:14:1: error: 'exit' was not declared in this scope
   14 | exit (42);
      | ^~~~
configure:2913: $? = 1
configure: failed program was:
| /* confdefs.h.  */
| 
| #define PACKAGE_NAME ""
| #define PACKAGE_TARNAME ""
| #define PACKAGE_VERSION ""
| #define PACKAGE_STRING ""
| #define PACKAGE_BUGREPORT ""
| #define LINUX 1
| /* end confdefs.h.  */
| 
| int
| main ()
| {
| exit (42);
|   ;
|   return 0;
| }
configure:2863: g++ -c -g -O2  conftest.cc >&5
configure:2869: $? = 0
configure:2872: test -z 			 || test ! -s conftest.err
configure:2875: $? = 0
configure:2878: test -s conftest.o
configure:2881: $? = 0
configure:2907: g++ -c -g -O2  conftest.cc >&5
configure:2913: $? = 0
configure:2916: test -z 			 || test ! -s conftest.err
configure:2919: $? = 0
configure:2922: test -s conftest.o
configure:2925: $? = 0
configure:2989: checking for ranlib
configure:3005: found /usr/bin/ranlib
configure:3016: result: ranlib
configure:3041: checking for a BSD-compatible install
configure:3096: result: /usr/bin/install -c
configure:3109: checking for find
configure:3125: found /usr/bin/find
configure:3136: result: find
configure:3145: checking for makedepend
configure:3172: result: :
configure:3180: checking for dlopen in -ldl
configure:3210: gcc -o conftest -g -O2   conftest.c -ldl   >&5
configure:3216: $? = 0
configure:3219: test -z 			 || test ! -s conftest.err
configure:3222: $? = 0
configure:3225: test -s conftest
configure:3228: $? = 0
configure:3241: result: yes
configure:3258: checking for X
configure:3364: gcc -E  conftest.c
configure:3370: $? = 0
configure:3420: gcc -o conftest -g -O2   conftest.c -lX11  >&5
configure:3426: $? = 0
configure:3429: test -z 			 || test ! -s conftest.err
configure:3432: $? = 0
configure:3435: test -s conftest
configure:3438: $? = 0
configure:3492: result: libraries , headers in standard search path
configure:3663: gcc -o conftest -g -O2   conftest.c   -lX11 >&5
configure:3669: $? = 0
configure:3672: test -z 			 || test ! -s conftest.err
configure:3675: $? = 0
configure:3678: test -s conftest
configure:3681: $? = 0
configure:3837: checking for gethostbyname
configure:3894: gcc -o conftest -g -O2   conftest.c  >&5
configure:3900: $? = 0
configure:3903: test -z 			 || test ! -s conftest.err
configure:3906: $? = 0
configure:3909: test -s conftest
configure:3912: $? = 0
configure:3924: result: yes
configure:4073: checking for connect
configure:4130: gcc -o conftest -g -O2   conftest.c  >&5
configure:4136: $? = 0
configure:4139: test -z 			 || test ! -s conftest.err
configure:4142: $? = 0
configure:4145: test -s conftest
configure:4148: $? = 0
configure:4160: result: yes
configure:4234: checking for remove
configure:4291: gcc -o conftest -g -O2   conftest.c  >&5
configure:4297: $? = 0
configure:4300: test -z 			 || test ! -s conftest.err
configure:4303: $? = 0
configure:4306: test -s conftest
configure:4309: $? = 0
configure:4321: result: yes
configure:4395: checking for shmat
configure:4452: gcc -o conftest -g -O2   conftest.c  >&5
configure:4458: $? = 0
configure:4461: test -z 			 || test ! -s conftest.err
configure:4464: $? = 0
configure:4467: test -s conftest
configure:4470: $? = 0
configure:4482: result: yes
configure:4565: checking for IceConnectionNumber in -lICE
configure:4595: gcc -o conftest -g -O2   conftest.c -lICE   >&5
configure:4601: $? = 0
configure:4604: test -z 			 || test ! -s conftest.err
configure:4607: $? = 0
configure:4610: test -s conftest
configure:4613: $? = 0
configure:4626: result: yes
configure:4652: checking for main in -lm
configure:4676: gcc -o conftest -g -O2  -I/usr/local/include   conftest.c -lm   -L/usr/local/lib >&5
configure:4682: $? = 0
configure:4685: test -z 			 || test ! -s conftest.err
configure:4688: $? = 0
configure:4691: test -s conftest
configure:4694: $? = 0
configure:4707: result: yes
configure:4721: checking for main in -lX11
configure:4745: gcc -o conftest -g -O2  -I/usr/local/include   conftest.c -lX11   -L/usr/local/lib -lm >&5
configure:4751: $? = 0
configure:4754: test -z 			 || test ! -s conftest.err
configure:4757: $? = 0
configure:4760: test -s conftest
configure:4763: $? = 0
configure:4776: result: yes
configure:4785: checking for main in -lXext
configure:4809: gcc -o conftest -g -O2  -I/usr/local/include   conftest.c -lXext   -L/usr/local/lib -lm -lX11 >&5
configure:4815: $? = 0
configure:4818: test -z 			 || test ! -s conftest.err
configure:4821: $? = 0
configure:4824: test -s conftest
configure:4827: $? = 0
configure:4840: result: yes
configure:4849: checking for main in -lgd
configure:4873: gcc -o conftest -g -O2  -I/usr/local/include   conftest.c -lgd   -L/usr/local/lib -lm -lX11 -lXext >&5
configure:4879: $? = 0
configure:4882: test -z 			 || test ! -s conftest.err
configure:4885: $? = 0
configure:4888: test -s conftest
configure:4891: $? = 0
configure:4904: result: yes
configure:4915: checking for gdImagePng
configure:4972: gcc -o conftest -g -O2  -I/usr/local/include   conftest.c  -L/usr/local/lib -lm -lX11 -lXext -lgd >&5
configure:4978: $? = 0
configure:4981: test -z 			 || test ! -s conftest.err
configure:4984: $? = 0
configure:4987: test -s conftest
configure:4990: $? = 0
configure:5002: result: yes
configure:5011: checking for gdImageGif
configure:5068: gcc -o conftest -g -O2  -I/usr/local/include   conftest.c  -L/usr/local/lib -lm -lX11 -lXext -lgd >&5
configure:5074: $? = 0
configure:5077: test -z 			 || test ! -s conftest.err
configure:5080: $? = 0
configure:5083: test -s conftest
configure:5086: $? = 0
configure:5098: result: yes
configure:5204: checking for egrep
configure:5214: result: grep -E
configure:5219: checking for ANSI C header files
configure:5244: gcc -c -g -O2  -I/usr/local/include  conftest.c >&5
configure:5250: $? = 0
configure:5253: test -z 			 || test ! -s conftest.err
configure:5256: $? = 0
configure:5259: test -s conftest.o
configure:5262: $? = 0
configure:5351: gcc -o conftest -g -O2  -I/usr/local/include   conftest.c  -L/usr/local/lib -lm -lX11 -lXext -lgd >&5
conftest.c: In function 'main':
conftest.c:36:7: warning: implicit declaration of function 'exit' [-Wimplicit-function-declaration]
   36 |       exit(2);
      |       ^~~~
conftest.c:36:7: warning: incompatible implicit declaration of built-in function 'exit'
conftest.c:20:1: note: include '<stdlib.h>' or provide a declaration of 'exit'
   19 | #include <ctype.h>
  +++ |+#include <stdlib.h>
   20 | #if ((' ' & 0x0FF) == 0x020)
conftest.c:37:3: warning: incompatible implicit declaration of built-in function 'exit'
   37 |   exit (0);
      |   ^~~~
conftest.c:37:3: note: include '<stdlib.h>' or provide a declaration of 'exit'
configure:5354: $? = 0
configure:5356: ./conftest
configure:5359: $? = 0
configure:5374: result: yes
configure:5398: checking for sys/types.h
configure:5414: gcc -c -g -O2  -I/usr/local/include  conftest.c >&5
configure:5420: $? = 0
configure:5423: test -z 			 || test ! -s conftest.err
configure:5426: $? = 0
configure:5429: test -s conftest.o
configure:5432: $? = 0
configure:5443: result: yes
configure:5398: checking for sys/stat.h
configure:5414: gcc -c -g -O2  -I/usr/local/include  conftest.c >&5
configure:5420: $? = 0
configure:5423: test -z 			 || test ! -s conftest.err
configure:5426: $? = 0
configure:5429: test -s conftest.o
configure:5432: $? = 0
configure:5443: result: yes
configure:5398: checking for stdlib.h
configure:5414: gcc -c -g -O2  -I/usr/local/include  conftest.c >&5
configure:5420: $? = 0
configure:5423: test -z 			 || test ! -s conftest.err
configure:5426: $? = 0
configure:5429: test -s conftest.o
configure:5432: $? = 0
configure:5443: result: yes
configure:5398: checking for string.h
configure:5414: gcc -c -g -O2  -I/usr/local/include  conftest.c >&5
configure:5420: $? = 0
configure:5423: test -z 			 || test ! -s conftest.err
configure:5426: $? = 0
configure:5429: test -s conftest.o
configure:5432: $? = 0
configure:5443: result: yes
configure:5398: checking for memory.h
configure:5414: gcc -c -g -O2  -I/usr/local/include  conftest.c >&5
configure:5420: $? = 0
configure:5423: test -z 			 || test ! -s conftest.err
configure:5426: $? = 0
configure:5429: test -s conftest.o
configure:5432: $? = 0
configure:5443: result: yes
configure:5398: checking for strings.h
configure:5414: gcc -c -g -O2  -I/usr/local/include  conftest.c >&5
configure:5420: $? = 0
configure:5423: test -z 			 || test ! -s conftest.err
configure:5426: $? = 0
configure:5429: test -s conftest.o
configure:5432: $? = 0
configure:5443: result: yes
configure:5398: checking for inttypes.h
configure:5414: gcc -c -g -O2  -I/usr/local/include  conftest.c >&5
configure:5420: $? = 0
configure:5423: test -z 			 || test ! -s conftest.err
configure:5426: $? = 0
configure:5429: test -s conftest.o
configure:5432: $? = 0
configure:5443: result: yes
configure:5398: checking for stdint.h
configure:5414: gcc -c -g -O2  -I/usr/local/include  conftest.c >&5
configure:5420: $? = 0
configure:5423: test -z 			 || test ! -s conftest.err
configure:5426: $? = 0
configure:5429: test -s conftest.o
configure:5432: $? = 0
configure:5443: result: yes
configure:5398: checking for unistd.h
configure:5414: gcc -c -g -O2  -I/usr/local/include  conftest.c >&5
configure:5420: $? = 0
configure:5423: test -z 			 || test ! -s conftest.err
configure:5426: $? = 0
configure:5429: test -s conftest.o
configure:5432: $? = 0
configure:5443: result: yes
configure:5469: checking limits.h usability
configure:5481: gcc -c -g -O2  -I/usr/local/include  conftest.c >&5
configure:5487: $? = 0
configure:5490: test -z 			 || test ! -s conftest.err
configure:5493: $? = 0
configure:5496: test -s conftest.o
configure:5499: $? = 0
configure:5509: result: yes
configure:5513: checking limits.h presence
configure:5523: gcc -E  conftest.c
configure:5529: $? = 0
configure:5549: result: yes
configure:5584: checking for limits.h
configure:5591: result: yes
configure:5738: creating ./config.status

## ---------------------- ##
## Running config.status. ##
## ---------------------- ##

This file was extended by config.status, which was
generated by GNU Autoconf 2.59.  Invocation command line was

  CONFIG_FILES    = 
  CONFIG_HEADERS  = 
  CONFIG_LINKS    = 
  CONFIG_COMMANDS = 
  $ ./config.status 

on DESKTOP-1O76FUR

config.status:699: creating Makefile
config.status:699: creating demo/Makefile
config.status:699: creating g2_perl/Makefile.PL
config.status:699: creating g2_python/Makefile

## ---------------- ##
## Cache variables. ##
## ---------------- ##

ac_cv_build=x86_64-unknown-linux-gnu
ac_cv_build_alias=x86_64-unknown-linux-gnu
ac_cv_c_compiler_gnu=yes
ac_cv_cxx_compiler_gnu=yes
ac_cv_env_CC_set=
ac_cv_env_CC_value=
ac_cv_env_CFLAGS_set=
ac_cv_env_CFLAGS_value=
ac_cv_env_CPPFLAGS_set=
ac_cv_env_CPPFLAGS_value=
ac_cv_env_CPP_set=
ac_cv_env_CPP_value=
ac_cv_env_CXXFLAGS_set=
ac_cv_env_CXXFLAGS_value=
ac_cv_env_CXX_set=
ac_cv_env_CXX_value=
ac_cv_env_LDFLAGS_set=
ac_cv_env_LDFLAGS_value=
ac_cv_env_build_alias_set=
ac_cv_env_build_alias_value=
ac_cv_env_host_alias_set=
ac_cv_env_host_alias_value=
ac_cv_env_target_alias_set=
ac_cv_env_target_alias_value=
ac_cv_exeext=
ac_cv_func_connect=yes
ac_cv_func_gdImageGif=yes
ac_cv_func_gdImagePng=yes
ac_cv_func_gethostbyname=yes
ac_cv_func_remove=yes
ac_cv_func_shmat=yes
ac_cv_have_x='have_x=yes 		ac_x_includes= ac_x_libraries='
ac_cv_header_inttypes_h=yes
ac_cv_header_limits_h=yes
ac_cv_header_memory_h=yes
ac_cv_header_stdc=yes
ac_cv_header_stdint_h=yes
ac_cv_header_stdlib_h=yes
ac_cv_header_string_h=yes
ac_cv_header_strings_h=yes
ac_cv_header_sys_stat_h=yes
ac_cv_header_sys_types_h=yes
ac_cv_header_unistd_h=yes
ac_cv_host=x86_64-unknown-linux-gnu
ac_cv_host_alias=x86_64-unknown-linux-gnu
ac_cv_lib_ICE_IceConnectionNumber=yes
ac_cv_lib_X11_main=yes
ac_cv_lib_Xext_main=yes
ac_cv_lib_dl_dlopen=yes
ac_cv_lib_gd_main=yes
ac_cv_lib_m_main=yes
ac_cv_objext=o
ac_cv_path_install='/usr/bin/install -c'
ac_cv_prog_CPP='gcc -E'
ac_cv_prog_FIND=find
ac_cv_prog_MAKEDEPEND=:
ac_cv_prog_ac_ct_CC=gcc
ac_cv_prog_ac_ct_CXX=g++
ac_cv_prog_ac_ct_RANLIB=ranlib
ac_cv_prog_cc_g=yes
ac_cv_prog_cc_stdc=
ac_cv_prog_cxx_g=yes
ac_cv_prog_egrep='grep -E'

## ----------------- ##
## Output variables. ##
## ----------------- ##

CC='gcc'
CFLAGS='-g -O2  -I/usr/local/include'
CPP='gcc -E'
CPPFLAGS=''
CXX='g++'
CXXFLAGS='-g -O2'
DEFS='-DPACKAGE_NAME=\"\" -DPACKAGE_TARNAME=\"\" -DPACKAGE_VERSION=\"\" -DPACKAGE_STRING=\"\" -DPACKAGE_BUGREPORT=\"\" -DLINUX=1 -DDO_PS=1 -DDO_FIG=1 -DDO_X11=1 -DDO_XDBE=1 -DDO_GD=1 -DDO_GIF=1 -DSTDC_HEADERS=1 -DHAVE_SYS_TYPES_H=1 -DHAVE_SYS_STAT_H=1 -DHAVE_STDLIB_H=1 -DHAVE_STRING_H=1 -DHAVE_MEMORY_H=1 -DHAVE_STRINGS_H=1 -DHAVE_INTTYPES_H=1 -DHAVE_STDINT_H=1 -DHAVE_UNISTD_H=1 -DHAVE_LIMITS_H=1 '
DO_FIG=''
DO_GD=''
DO_GIF=''
DO_PS=''
DO_WIN32='#'
DO_X11=''
DO_XDBE=''
ECHO_C=''
ECHO_N='-n'
ECHO_T=''
EGREP='grep -E'
EXEEXT=''
FIND='find'
INSTALL_DATA='${INSTALL} -m 644'
INSTALL_PROGRAM='${INSTALL}'
INSTALL_SCRIPT='${INSTALL}'
LDFLAGS=''
LD_SHARED='ld'
LD_SHARED_EXT='so.0.$(G2_VERSION)'
LD_SHARED_FLAGS='-shared -soname libg2.so.0'
LD_SHARED_OPT=''
LIBOBJS=''
LIBS=' -L/usr/local/lib -lm -lX11 -lXext -lgd'
LTLIBOBJS=''
MAKEDEPEND=':'
OBJEXT='o'
PACKAGE_BUGREPORT=''
PACKAGE_NAME=''
PACKAGE_STRING=''
PACKAGE_TARNAME=''
PACKAGE_VERSION=''
PATH_SEPARATOR=':'
RANLIB='ranlib'
SHELL='/bin/bash'
X_CFLAGS=''
X_EXTRA_LIBS=''
X_LIBS=''
X_PRE_LIBS=' -lSM -lICE'
ac_ct_CC='gcc'
ac_ct_CXX='g++'
ac_ct_RANLIB='ranlib'
bindir='${exec_prefix}/bin'
build='x86_64-unknown-linux-gnu'
build_alias=''
build_cpu='x86_64'
build_os='linux-gnu'
build_vendor='unknown'
datadir='${prefix}/share'
exec_prefix='${prefix}'
host='x86_64-unknown-linux-gnu'
host_alias=''
host_cpu='x86_64'
host_os='linux-gnu'
host_vendor='unknown'
includedir='${prefix}/include'
infodir='${prefix}/info'
libdir='${exec_prefix}/lib'
libexecdir='${exec_prefix}/libexec'
localstatedir='${prefix}/var'
mandir='${prefix}/man'
oldincludedir='/usr/include'
prefix='/usr/local'
program_transform_name='s,x,x,'
sbindir='${exec_prefix}/sbin'
sharedstatedir='${prefix}/com'
sysconfdir='${prefix}/etc'
target_alias=''

## ----------- ##
## confdefs.h. ##
## ----------- ##

#define DO_FIG 1
#define DO_GD 1
#define DO_GIF 1
#define DO_PS 1
#define DO_X11 1
#define DO_XDBE 1
#define HAVE_INTTYPES_H 1
#define HAVE_LIMITS_H 1
#define HAVE_MEMORY_H 1
#define HAVE_STDINT_H 1
#define HAVE_STDLIB_H 1
#define HAVE_STRINGS_H 1
#define HAVE_STRING_H 1
#define HAVE_SYS_STAT_H 1
#define HAVE_SYS_TYPES_H 1
#define HAVE_UNISTD_H 1
#define LINUX 1
#define PACKAGE_BUGREPORT ""
#define PACKAGE_NAME ""
#define PACKAGE_STRING ""
#define PACKAGE_TARNAME ""
#define PACKAGE_VERSION ""
#define STDC_HEADERS 1
#endif
#ifdef __cplusplus
extern "C" void std::exit (int) throw (); using std::exit;

configure: exit 0
